JvmtiExport can_access_local_variables 0
JvmtiExport can_hotswap_or_post_breakpoint 0
JvmtiExport can_post_on_exceptions 0
# 270 ciObject found
instanceKlass com/mathworks/mvm/exec/MvmSwingWorker$1$1
instanceKlass java/beans/PropertyChangeSupport$1
instanceKlass java/util/AbstractList$1
instanceKlass com/mathworks/widgets/text/mcode/CodeAnalyzerUtilities$1
instanceKlass com/mathworks/widgets/text/mcode/CodeAnalyzerUtilities
instanceKlass com/mathworks/widgets/text/mcode/MLint$AutoFixChange
instanceKlass com/mathworks/widgets/text/mcode/MLint$Message
instanceKlass com/mathworks/mlservices/MLLicenseChecker
instanceKlass com/mathworks/mvm/exec/MvmSwingWorker$1
instanceKlass org/openide/util/RequestProcessor$Processor$1
instanceKlass com/mathworks/widgets/text/mcode/MLint$DefaultCodeAnalyzerContentType
instanceKlass com/mathworks/mde/editor/MatlabEditorApplication$6
instanceKlass com/mathworks/mde/editor/MatlabEditorApplication$13
instanceKlass com/mathworks/mde/editor/MatlabEditorApplication$9
instanceKlass com/mathworks/mde/editor/MatlabEditorApplication$8
instanceKlass com/mathworks/mde/editor/MatlabEditorApplication$7
instanceKlass com/mathworks/mde/editor/MatlabEditorApplication$5
instanceKlass com/mathworks/mde/autosave/AutoSaveTimer$1
instanceKlass com/mathworks/mde/autosave/AutoSaveTimer$2
instanceKlass com/mathworks/mde/autosave/AutoSaveTimer
instanceKlass com/mathworks/mde/editor/TextFileBackingStoreAutoSaveImplementor$1
instanceKlass com/mathworks/mde/autosave/AutoSaveUtils
instanceKlass com/mathworks/mde/editor/TextFileBackingStoreAutoSaveImplementor
instanceKlass com/mathworks/mde/editor/EditorViewClient$1$1
instanceKlass com/mathworks/mde/editor/EditorStatusBar$4
instanceKlass java/nio/charset/Charset$1
instanceKlass sun/nio/cs/ext/DelegatableDecoder
instanceKlass sun/nio/cs/CharsetMapping$Entry
instanceKlass sun/nio/cs/CharsetMapping$1
instanceKlass sun/nio/cs/CharsetMapping$4
instanceKlass sun/nio/cs/CharsetMapping$3
instanceKlass sun/nio/cs/CharsetMapping$2
instanceKlass sun/nio/cs/CharsetMapping
instanceKlass sun/nio/cs/ext/SJIS_0213$1
instanceKlass sun/nio/cs/ext/DoubleByte
instanceKlass com/mathworks/mwswing/WeakPropertyChangeCoupler$1$1
instanceKlass sun/nio/cs/AbstractCharsetProvider$1
instanceKlass java/nio/charset/Charset$ExtendedProviderHolder$1
instanceKlass java/nio/charset/Charset$ExtendedProviderHolder
instanceKlass sun/util/PreHashedMap$1$1
instanceKlass com/mathworks/services/mlx/MlxFileUtils$LiveFunctionFlagListener
instanceKlass com/mathworks/services/opc/OpcPackage
instanceKlass sun/nio/cs/FastCharsetProvider$1
instanceKlass java/nio/charset/Charset$3
instanceKlass com/mathworks/widgets/text/STPIncSearch
instanceKlass com/mathworks/mde/editor/EditorStatusBar$3
instanceKlass com/mathworks/mde/editor/EditorStatusBar$2
instanceKlass com/mathworks/mde/editor/EditorStatusBar$1
instanceKlass com/mathworks/mde/editor/EditorStatusBar$FunctionNameListener
instanceKlass com/mathworks/mwswing/MJCheckBox$ActionPropertyHandler
instanceKlass com/mathworks/mwswing/MJToggleButton$ActionPropertyHandler
instanceKlass com/mathworks/toolbox/simulink/slvnv/RmiEditorToolstripContributor$4
instanceKlass com/mathworks/mde/editor/EditorOptions
instanceKlass com/mathworks/mde/editor/EditorViewToolSetFactory$4
instanceKlass com/mathworks/widgets/desk/DTToolstripFactory$WindowAction$1
instanceKlass com/mathworks/mde/editor/codepad/PublishMenu$2$1
instanceKlass com/mathworks/mde/editor/codepad/PublishMenu$2
instanceKlass com/mathworks/mde/editor/codepad/PublishMenu$4
instanceKlass com/mathworks/mde/editor/codepad/PublishMenu$3
instanceKlass com/mathworks/mde/editor/codepad/PublishMenu$1
instanceKlass com/mathworks/messageservice/Subscriber
instanceKlass com/mathworks/mde/editor/codepad/PublishMenu
instanceKlass com/mathworks/mde/editor/EditorToolSetFactory$7$1
instanceKlass com/mathworks/widgets/util/EmptyIcon
instanceKlass com/mathworks/system/editor/toolstrip/MATLABCommandSender$1
instanceKlass com/mathworks/system/editor/toolstrip/MATLABCommandSender$2
instanceKlass com/mathworks/system/editor/toolstrip/ToolstripControllerImpl$1
instanceKlass com/mathworks/system/editor/toolstrip/Simulink
instanceKlass com/mathworks/system/editor/toolstrip/ToolSet$1
instanceKlass com/mathworks/system/editor/toolstrip/SystemObjectAPI$MethodsGalleryCallback
instanceKlass com/mathworks/system/editor/toolstrip/ToolSetController
instanceKlass com/mathworks/system/editor/toolstrip/TraditionalEditor
instanceKlass com/mathworks/system/editor/toolstrip/CommandSender$AnalyzeCodeCallback
instanceKlass com/mathworks/system/editor/toolstrip/CommandSender$OnUpdateCallback
instanceKlass com/mathworks/system/editor/toolstrip/ToolstripControllerImpl
instanceKlass com/mathworks/system/editor/toolstrip/MethodCategory
instanceKlass com/mathworks/system/editor/toolstrip/MethodInfo
instanceKlass com/mathworks/system/editor/toolstrip/SystemObjectAPI
instanceKlass com/mathworks/system/editor/toolstrip/ToolstripState
instanceKlass com/mathworks/toolbox/matlab/testframework/ui/toolstrip/RunTestsEditorToolstripTabContributor$2
instanceKlass com/mathworks/toolbox/matlab/testframework/ui/toolstrip/RunTestsToolSetMatlabCommandSender$8
instanceKlass com/mathworks/toolbox/matlab/testframework/ui/toolstrip/RunTestsToolSetMatlabCommandSender$1
instanceKlass com/mathworks/toolbox/matlab/testframework/ui/toolstrip/RunTestsToolSetActions$Callback
instanceKlass com/mathworks/toolbox/matlab/testframework/ui/toolstrip/TraditionalEditorLiaison
instanceKlass com/mathworks/toolbox/matlab/testframework/ui/toolstrip/RunTestsToolstripStateImpl
instanceKlass com/mathworks/toolbox/matlab/testframework/ui/toolstrip/MatlabStatusIndicatorImpl
instanceKlass com/mathworks/toolbox/matlab/testframework/ui/toolstrip/RunnerOptionsListener
instanceKlass com/mathworks/toolbox/matlab/testframework/ui/toolstrip/MatlabStatusIndicator
instanceKlass com/mathworks/toolbox/matlab/testframework/ui/toolstrip/RunTestsToolSetActionController
instanceKlass com/mathworks/mde/editor/EditorUtils$3
instanceKlass com/mathworks/mde/editor/EditorToolSetFactory$8
instanceKlass com/mathworks/mlwidgets/debug/MatlabDebuggerActions
instanceKlass com/mathworks/mde/editor/EditorToolSetFactory$16$1
instanceKlass com/mathworks/mde/editor/EditorToolSetFactory$16
instanceKlass com/mathworks/mde/editor/EditorToolSetFactory$15
instanceKlass com/mathworks/mde/editor/EditorToolSetFactory$14
instanceKlass com/mathworks/mde/editor/ProfilerButton$1
instanceKlass com/mathworks/mde/editor/ProfilerButton
instanceKlass com/mathworks/mde/editor/EditorToolSetFactory$4
instanceKlass com/mathworks/mde/editor/EditorUtils$5
instanceKlass com/mathworks/mde/editor/EditorUtils$4
instanceKlass com/mathworks/toolstrip/factory/TSFactory$ListListenerBridge
instanceKlass com/mathworks/mde/editor/plugins/matlab/RunMenu$15
instanceKlass java/rmi/server/UID
instanceKlass org/apache/commons/lang/exception/Nestable
instanceKlass org/apache/commons/lang/StringEscapeUtils
instanceKlass com/mathworks/mlwidgets/configeditor/data/ConfigurationNameUtils$1
instanceKlass com/mathworks/mlwidgets/configeditor/data/ConfigurationNameUtils$2
instanceKlass com/mathworks/mlwidgets/configeditor/data/ConfigurationNameUtils
instanceKlass com/mathworks/mde/editor/plugins/matlab/RunMenuUtils
instanceKlass com/mathworks/mde/editor/plugins/matlab/RunMenu$1
instanceKlass com/mathworks/mde/editor/plugins/matlab/RunMenuItemSelectionManager
instanceKlass com/mathworks/mde/editor/plugins/matlab/RunMenu$2
instanceKlass com/mathworks/mde/editor/EditorToolSetFactory$9
instanceKlass com/mathworks/mde/editor/plugins/matlab/RunMenuItemSelectionManager$SelectableMenuItem
instanceKlass com/mathworks/mde/editor/gotomenu/AbstractGoToMenu$2
instanceKlass com/mathworks/mde/editor/gotomenu/AbstractGoToMenu
instanceKlass com/mathworks/mde/editor/EditorToolSetFactory$10
instanceKlass com/mathworks/mde/editor/EditorToolSetFactory$13
instanceKlass com/mathworks/mde/editor/EditorToolSetFactory$3
instanceKlass com/mathworks/mde/editor/EditorToolSetFactory$2
instanceKlass com/mathworks/mde/editor/EditorToolSetFactory$12
instanceKlass com/mathworks/toolbox/fixedpoint/util/FixedPointFunctionAbstractPanel
instanceK