JvmtiExport can_access_local_variables 0
JvmtiExport can_hotswap_or_post_breakpoint 0
JvmtiExport can_post_on_exceptions 0
# 205 ciObject found
instanceKlass com/mathworks/mde/editor/MatlabEditorApplication$12$1
instanceKlass com/mathworks/hg/util/NativeHG
instanceKlass com/mathworks/hg/util/HGPeerQueue
instanceKlass java/util/AbstractList$1
instanceKlass org/openide/util/RequestProcessor$Processor$1
instanceKlass com/mathworks/widgets/text/mcode/CodeAnalyzerUtilities$1
instanceKlass com/mathworks/widgets/text/mcode/CodeAnalyzerUtilities
instanceKlass com/mathworks/widgets/text/mcode/MLint$AutoFixChange
instanceKlass com/mathworks/widgets/text/mcode/MLint$Message
instanceKlass com/mathworks/widgets/text/mcode/MLint$DefaultCodeAnalyzerContentType
instanceKlass com/mathworks/mde/editor/MatlabEditorApplication$6
instanceKlass com/mathworks/mde/editor/MatlabEditorApplication$13
instanceKlass com/mathworks/mde/editor/MatlabEditorApplication$9
instanceKlass com/mathworks/mde/editor/MatlabEditorApplication$8
instanceKlass com/mathworks/mde/editor/MatlabEditorApplication$7
instanceKlass com/mathworks/mde/editor/MatlabEditorApplication$5
instanceKlass com/mathworks/mde/autosave/AutoSaveTimer$1
instanceKlass com/mathworks/mde/autosave/AutoSaveTimer$2
instanceKlass com/mathworks/mde/autosave/AutoSaveTimer
instanceKlass com/mathworks/mde/editor/TextFileBackingStoreAutoSaveImplementor$1
instanceKlass com/mathworks/mde/autosave/AutoSaveUtils
instanceKlass com/mathworks/mde/editor/TextFileBackingStoreAutoSaveImplementor
instanceKlass com/mathworks/mde/editor/EditorViewClient$1$1
instanceKlass com/mathworks/mde/editor/EditorStatusBar$4
instanceKlass java/nio/charset/Charset$1
instanceKlass sun/nio/cs/ext/DelegatableDecoder
instanceKlass sun/nio/cs/CharsetMapping$Entry
instanceKlass sun/nio/cs/CharsetMapping$1
instanceKlass sun/nio/cs/CharsetMapping$4
instanceKlass sun/nio/cs/CharsetMapping$3
instanceKlass sun/nio/cs/CharsetMapping$2
instanceKlass sun/nio/cs/CharsetMapping
instanceKlass sun/nio/cs/ext/SJIS_0213$1
instanceKlass sun/nio/cs/ext/DoubleByte
instanceKlass sun/nio/cs/AbstractCharsetProvider$1
instanceKlass java/nio/charset/Charset$ExtendedProviderHolder$1
instanceKlass java/nio/charset/Charset$ExtendedProviderHolder
instanceKlass sun/util/PreHashedMap$1$1
instanceKlass sun/nio/cs/FastCharsetProvider$1
instanceKlass java/nio/charset/Charset$3
instanceKlass com/mathworks/widgets/text/STPIncSearch
instanceKlass com/mathworks/mde/editor/EditorStatusBar$3
instanceKlass com/mathworks/mde/editor/EditorStatusBar$2
instanceKlass com/mathworks/mde/editor/EditorStatusBar$1
instanceKlass com/mathworks/mde/editor/EditorStatusBar$FunctionNameListener
instanceKlass com/mathworks/mwswing/MJCheckBox$ActionPropertyHandler
instanceKlass com/mathworks/mwswing/MJToggleButton$ActionPropertyHandler
instanceKlass com/mathworks/toolbox/simulink/slvnv/RmiEditorToolstripContributor$4
instanceKlass com/mathworks/mde/editor/EditorOptions
instanceKlass com/mathworks/mde/editor/EditorViewToolSetFactory$4
instanceKlass com/mathworks/widgets/desk/DTToolstripFactory$WindowAction$1
instanceKlass com/mathworks/mde/editor/codepad/PublishMenu$2$1
instanceKlass com/mathworks/mde/editor/codepad/PublishMenu$2
instanceKlass com/mathworks/mde/editor/codepad/PublishMenu$4
instanceKlass com/mathworks/mde/editor/codepad/PublishMenu$3
instanceKlass com/mathworks/mde/editor/codepad/PublishMenu$1
instanceKlass com/mathworks/messageservice/Subscriber
instanceKlass com/mathworks/mde/editor/codepad/PublishMenu
instanceKlass com/mathworks/mde/editor/EditorToolSetFactory$7$1
instanceKlass com/mathworks/widgets/util/EmptyIcon
instanceKlass com/mathworks/system/editor/toolstrip/MATLABCommandSender$1
instanceKlass com/mathworks/system/editor/toolstrip/MATLABCommandSender$2
instanceKlass com/mathworks/system/editor/toolstrip/ToolstripControllerImpl$1
instanceKlass com/mathworks/system/editor/toolstrip/Simulink
instanceKlass com/mathworks/system/editor/toolstrip/ToolSet$1
instanceKlass com/mathworks/system/editor/toolstrip/SystemObjectAPI$MethodsGalleryCallback
instanceKlass com/mathworks/system/editor/toolstrip/ToolSetController
instanceKlass com/mathworks/system/editor/toolstrip/TraditionalEditor
instanceKlass com/mathworks/system/editor/toolstrip/CommandSender$OnUpdateCallback
instanceKlass com/mathworks/system/editor/toolstrip/CommandSender$AnalyzeCodeCallback
instanceKlass com/mathworks/system/editor/toolstrip/ToolstripControllerImpl
instanceKlass com/mathworks/system/editor/toolstrip/MethodCategory
instanceKlass com/mathworks/system/editor/toolstrip/MethodInfo
instanceKlass com/mathworks/system/editor/toolstrip/SystemObjectAPI
instanceKlass com/mathworks/system/editor/toolstrip/ToolstripState
instanceKlass com/mathworks/toolbox/matlab/testframework/ui/toolstrip/RunTestsEditorToolstripTabContributor$2
instanceKlass com/mathworks/toolbox/matlab/testframework/ui/toolstrip/RunTestsToolSetMatlabCommandSender$8
instanceKlass com/mathworks/toolbox/matlab/testframework/ui/toolstrip/RunTestsToolSetMatlabCommandSender$1
instanceKlass com/mathworks/toolbox/matlab/testframework/ui/toolstrip/RunTestsToolSetActions$Callback
instanceKlass com/mathworks/toolbox/matlab/testframework/ui/toolstrip/TraditionalEditorLiaison
instanceKlass com/mathworks/toolbox/matlab/testframework/ui/toolstrip/RunTestsToolstripStateImpl
instanceKlass com/mathworks/toolbox/matlab/testframework/ui/toolstrip/MatlabStatusIndicatorImpl
instanceKlass com/mathworks/toolbox/matlab/testframework/ui/toolstrip/RunnerOptionsListener
instanceKlass com/mathworks/toolbox/matlab/testframework/ui/toolstrip/MatlabStatusIndicator
instanceKlass com/mathworks/toolbox/matlab/testframework/ui/toolstrip/RunTestsToolSetActionController
instanceKlass com/mathworks/mde/editor/EditorUtils$3
instanceKlass com/mathworks/mde/editor/EditorToolSetFactory$8
instanceKlass com/mathworks/mlwidgets/debug/MatlabDebuggerActions
instanceKlass com/mathworks/mde/editor/EditorToolSetFactory$16$1
instanceKlass com/mathworks/mde/editor/EditorToolSetFactory$16
instanceKlass com/mathworks/mde/editor/EditorToolSetFactory$15
instanceKlass com/mathworks/mde/editor/EditorToolSetFactory$14
instanceKlass com/mathworks/mde/editor/ProfilerButton$1
instanceKlass com/mathworks/mde/editor/ProfilerButton
instanceKlass com/mathworks/mde/editor/EditorToolSetFactory$4
instanceKlass com/mathworks/mde/editor/EditorUtils$5
instanceKlass com/mathworks/mde/editor/EditorUtils$4
instanceKlass com/mathworks/toolstrip/factory/TSFactory$ListListenerBridge
instanceKlass com/mathworks/mde/editor/plugins/matlab/RunMenu$15
instanceKlass java/rmi/server/UID
instanceKlass org/apache/commons/lang/exception/Nestable
instanceKlass org/apache/commons/lang/StringEscapeUtils
instanceKlass com/mathworks/mlwidgets/configeditor/data/ConfigurationNameUtils$1
instanceKlass com/mathworks/mlwidgets/configeditor/data/ConfigurationNameUtils$2
instanceKlass com/mathworks/mlwidgets/configeditor/data/ConfigurationNameUtils
instanceKlass com/mathworks/mde/editor/plugins/matlab/RunMenuUtils
instanceKlass com/mathworks/mde/editor/plugins/matlab/RunMenu$1
instanceKlass com/mathworks/mde/editor/plugins/matlab/RunMenuItemSelectionManager
instanceKlass com/mathworks/mde/editor/plugins/matlab/RunMenu$2
instanceKlass com/mathworks/mde/editor/EditorToolSetFactory$9
instanceKlass com/mathworks/mde/editor/plugins/matlab/RunMenuItemSelectionManager$SelectableMenuItem
instanceKlass com/mathworks/mde/editor/gotomenu/AbstractGoToMenu$2
instanceKlass com/mathworks/mde/editor/gotomenu/AbstractGoToMenu
instanceKlass com/mathworks/mde/editor/EditorToolSetFactory$10
instanceKlass com/mathworks/mde/editor/EditorToolSetFactory$13
instanceKlass com/mathworks/mde/editor/EditorToolSetFactory$3
instanceKlass com/mathworks/mde/editor/EditorToolSetFactory$2
instanceKlass com/mathworks/mde/editor/EditorToolSetFactory$12
instanceKlass com/mathworks/toolbox/fixedpoint/util/FixedPointFunctionAbstractPanel
instanceKlass com/mathworks/toolbox/fixedpoint/util/FixedPointFunctionInterface
instanceKlass com/mathworks/toolbox/fixedpoint/toolstrip/FixedPointMenuContributor$FixedPointMenuContribution
instanceKlass com/mathworks/mde/editor/plugins/matlab/MatlabMenuContributor$MatlabMenuContribution$6
instanceKlass com/mathworks/mde/editor/plugins/matlab/MatlabMenuContributor$MatlabMenuContribution$4
instanceKlass com/mathworks/mde/editor/plugins/matlab/MatlabMenuContributor$MatlabMenuContribution$1
instanceKlass com/mathworks/mde/editor/plugins/matlab/MatlabMenuContributor$MatlabMenuContribution$7
instanceKlass com/jidesoft/swing/JideMenu$1
instanceKlass com/jidesoft/swing/JideMenu$PopupMenuOriginCalculator
instanceKlass com/jidesoft/swing/JideMenu$MenuCreator
instanceKlass com/mathworks/mde/editor/plugins/matlab/MatlabMenuContributor$MatlabMenuContribution$2
instanceKlass com/mathworks/mlwidgets/configeditor/data/ConfigurationManager$2
instanceKlass com/mathworks/widgets/glazedlists/MappedEventList$1
instanceKlass com/mathworks/mlwidgets/configeditor/data/ConfigurationManager$1
instanceKlass com/mathworks/widgets/glazedlists/MappedEventList
instanceKlass ca/odell/glazedlists/impl/beans/BeanConnector$PropertyChangeHandler
instanceKlass ca/odell/glazedlists/impl/beans/BeanConnector
instanceKlass java/util/IdentityHashMap$EntryIterator$Entry
instanceKlass com/jidesoft/introspector/BeanIntrospector$LazyValue
instanceKlass com/jidesoft/utils/TypeUtils
instanceKlass org/apache/xerces/dom/NodeListCache
instanceKlass com/jidesoft/grid/EditorStyleSupport
instanceKlass com/jidesoft/grid/EditorContextSupport
instanceKlass com/jidesoft/converter/ConverterContextSupport
instanceKlass com/jidesoft/introspector/BeanIntrospector
instanceKlass com/jidesoft/introspector/Introspector
instanceKlass com/jidesoft/converter/EnumConverter
instanceKlass com/jidesoft/converter/RangeConverter
instanceKlass com/jidesoft/range/AbstractRange
instanceKlass com/jidesoft/range/Range
instanceKlass com/jidesoft/converter/MonthNameConverter
instanceKlass com/jidesoft/converter/MultilineStringConverter
instanceKlass com/jidesoft/converter/FontConverter
instanceKlass com/jidesoft/converter/QuarterNameConverter
instanceKlass com/jidesoft/converter/StringArrayConverter
instanceKlass com/jidesoft/converter/ColorConverter
instanceKlass com/jidesoft/converter/MonthConverter
instanceKlass com/jidesoft/converter/DateConverter
instanceKlass com/jidesoft/converter/FontNameConverter
instanceKlass com/jidesoft/converter/FileConverter
instanceKlass com/jidesoft/converter/BooleanConverter
instanceKlass com/jidesoft/converter/ArrayConverter
instanceKlass com/jidesoft/converter/NumberConverter
instanceKlass com/jidesoft/converter/ObjectConverterManager
instanceKlass com/jidesoft/converter/DefaultObjectConverter
instanceKlass com/jidesoft/converter/ObjectConverter
instanceKlass com/mathworks/mlwidgets/configeditor/ConfigurationJideUtils
instanceKlass com/mathworks/mlwidgets/configeditor/plugin/ConfigurationPlugin$LoadBundle
instanceKlass com/mathworks/mlwidgets/configeditor/plugin/PersistenceUtils
instanceKlass com/mathworks/mlwidgets/configeditor/data/PublishOptions
instanceKlass com/mathworks/mlwidgets/configeditor/plugin/ConfigurationPlugin$PersistenceSupport
instanceKlass com/mathworks/mlwidgets/configeditor/ui/UiSupport
instanceKlass com/mathworks/mlwidgets/configeditor/plugin/ConfigurationPlugin
instanceKlass com/mathworks/mlwidgets/configeditor/plugin/ConfigurationPluginManager
instanceKlass com/mathworks/mlwidgets/configeditor/plugin/ConfigurationPluginUtils
instanceKlass com/mathworks/mlwidgets/configeditor/data/ConfigurationManager
instanceKlass com/mathworks/mlwidgets/configeditor/ConfigurationUtils
instanceKlass com/mathworks/mde/editor/plugins/matlab/MatlabMenuContributor$MatlabMenuContribution$5
instanceKlass com/mathworks/mde/editor/plugins/matlab/MatlabMenuContributor$MatlabMenuContribution
instanceKlass com/mathworks/widgets/menus/DefaultMenuID
instanceKlass com/mathworks/mde/editor/plugins/difftool/DiffToolInfoImpl
instanceKlass com/mathworks/mde/editor/plugins/difftool/DiffToolMenuContributor$DiffToolMenuContribution
instanceKlass com/mathworks/mde/editor/plugins/mlint/MLintMenuContributor$Contribution$4
instanceKlass com/mathworks/widgets/text/mcode/MLintConfiguration
instanceKlass com/mathworks/mde/editor/plugins/mlint/MLintMenuContributor$Contribution$3
instanceKlass com/mathworks/mde/editor/plugins/mlint/MLintMenuContributor$Contribution$1
instanceKlass com/mathworks/mde/editor/plugins/mlint/MLintMenuContributor$Contribution
instanceKlass com/mathworks/toolbox/fixedpoint/toolstrip/FixedPointMenuContributor
instanceKlass com/mathworks/toolbox/eml/EmlMenuContributor
instanceKlass com/mathworks/mde/editor/codepad/CodepadMenuContributor
instanceKlass com/mathworks/mde/editor/plugins/difftool/DiffToolMenuContributor
instanceKlass com/mathworks/mde/editor/plugins/mlint/MLintMenuContributor
instanceKlass com/mathworks/mde/editor/ActionManager$1
instanceKlass com/mathworks/mde/editor/ActionManager$CodeFoldsMenuItemValidationListener
instanceKlass com/mathworks/mde/editor/ActionManager$3
instanceKlass com/mathworks/widgets/menus/DefaultMenuBuilder$MenuGroup
instanceKlass com/mathworks/widgets/menus/DefaultMenuBuilder$MenuMenuContainer
instanceKlass com/mathworks/widgets/menus/DefaultMenuBuilder$MenuContainer
instanceKlass com/mathworks/widgets/menus/DefaultMenuBuilder
instanceKlass com/mathworks/toolbox/eml/EMLStateListener
instanceKlass com/mathworks/toolbox/eml/EMLEditorApi
instanceKlass com/mathworks/toolbox/eml/EMLEditorApiInterface
instanceKlass com/mathworks/mde/editor/plugins/matlab/MatlabToolBarContributor$MatlabToolBarContribution$4
instanceKlass com/mathworks/mde/editor/plugins/matlab/MatlabToolBarContributor$1
instanceKlass com/mathworks/mde/editor/plugins/matlab/MatlabPluginUtils$1
instanceKlass com/mathworks/mde/editor/plugins/matlab/ConfigurationPopupMenuCustomizer
instanceKlass com/jidesoft/swing/JideMenu$PopupMenuCustomizer
instanceKlass com/mathworks/widgets/DropdownButton$ArrowIcon
instanceKlass com/mathworks/widgets/DropdownButton$1
instanceKlass com/mathworks/widgets/PickerButton$2
instanceKlass com/mathworks/widgets/PickerButton$ToolTippableButton
instanceKlass com/mathworks/mde/editor/plugins/matlab/MatlabToolBarContributor$MatlabToolBarContribution$1
instanceKlass com/mathworks/mlwidgets/configeditor/data/AbstractFileConfiguration$Type
instanceKlass com/mathworks/mlwidgets/configeditor/data/AbstractFileConfiguration
instanceKlass com/mathworks/mde/editor/plugins/matlab/MatlabToolBarContributor$MatlabToolBarContribution$3
instanceKlass com/mathworks/widgets/PopupMenuCustomizer
instanceKlass com/mathworks/mde/editor/plugins/matlab/MatlabToolBarContributor$MatlabToolBarContribution
instanceKlass com/mathworks/widgets/toolbars/DefaultToolBarGroupID
instanceKlass com/mathworks/toolbox/eml/EmlUtils
instanceKlass com/mathworks/toolbox/eml/EmlToolBarContributor
instanceKlass com/mathworks/mde/editor/plugins/matlab/MatlabToolBarContributor
instanceKlass com/mathworks/widgets/toolbars/ToolBarItems$1
instanceKlass com/mathworks/widgets/toolbars/ToolBarItems$2
instanceKlass com/mathworks/widgets/toolbars/ToolBarItems
instanceKlass com/mathworks/matlab/api/toolbars/ToolBarContributor$ToolBarItem
instanceKlass com/mathworks/widgets/toolbars/DefaultToolBarBuilder
instanceKlass com/mathworks/widgets/toolbars/DefaultToolBars
instanceKlass com/mathworks/mlwidgets/explorer/model/actions/ActionPredicates$33
instanceKlass com/mathworks/mlwidgets/explorer/model/actions/DefaultActionInput
instanceKlass com/mathworks/mde/editor/PathActionInputSource
instanceKlass com/mathworks/mlwidgets/explorer/extensions/basic/CoreActionProvider
instanceKlass com/mathworks/mde/editor/EditorViewClient$DocumentTabActionProvider
instanceKlass com/mathworks/mde/editor/plugins/matlab/RunMenuUnhandledException
instanceKlass com/mathworks/mde/editor/EditorToolstripTabFactory
instanceKlass com/mathworks/mde/editor/EditorViewClient$7
instanceKlass com/mathworks/mde/editor/EditorView$8
instanceKlass com/mathworks/mde/editor/EditorView$12
instanceKlass com/mathworks/widgets/STPStateManagerImpl
instanceKlass com/mathworks/widgets/StateMRUFiles
instanceKlass com/mathworks/mde/editor/EditorStateManagerImpl$1
instanceKlass com/mathworks/mde/editor/EditorStateManagerImpl
instanceKlass com/mathworks/mde/editor/EditorStateManager
instanceKlass com/mathworks/mde/editor/EditorStateManagerFactory
instanceKlass org/netbeans/editor/JumpList$Entry
instanceKlass com/mathworks/mde/editor/codepad/Codepad$3
instanceKlass com/mathworks/mde/editor/codepad/Codepad$2
instanceKlass com/mathworks/widgets/editor/EditorRegionImpl
instanceKlass com/mathworks/matlab/api/editor/EditorRegion
instanceKlass com/mathworks/mde/editor/codepad/Codepad$TaggedLineManager$3
instanceKlass com/mathworks/widgets/editor/LiveCodeUtils
instanceKlass org/netbeans/editor/AdjustFinder
instanceKlass com/mathworks/widgets/text/mcode/cell/BaseDocumentCellInfo$BaseDocumentCell
instanceKlass com/mathworks/widgets/text/mcode/cell/Cell
instanceKlass com/mathworks/widgets/text/mcode/cell/CellUtils
instanceKlass com/mathworks/widgets/text/mcode/cell/BaseDocumentCellInfo
instanceKlass com/mathworks/mde/editor/codepad/Codepad$TaggedLineManager$2
instanceKlass com/mathworks/mde/editor/codepad/Codepad$TaggedLineManager$1
instanceKlass com/mathworks/mde/editor/codepad/Codepad$TaggedLineManager$CodepadCaretListener
instanceKlass com/mathworks/mde/editor/codepad/Codepad$TaggedLineManager$CodepadDocumentListener
instanceKlass com/mathworks/mde/editor/codepad/Codepad$TaggedLineManager
instanceKlass com/mathworks/mde/editor/codepad/Codepad$CodepadPrefListener
instanceKlass java/text/ParsePosition
instanceKlass com/mathworks/mde/editor/codepad/Codepad$1
instanceKlass com/mathworks/mde/editor/PopupAction$Callback
instanceKlass com/mathworks/mde/editor/EditorView$13
instanceKlass com/mathworks/mde/editor/ExecutionArrowDisplay$1
instanceKlass com/mathworks/mde/editor/ExecutionArrowDisplay$2
instanceKlass com/mathworks/mde/editor/ExecutionArrowDisplay$TextEventHandler
instanceKlass com/mathworks/mde/editor/MatlabExecutionDisplayAdapter$DebugInterests$3
instanceKlass com/mathworks/widgets/text/mcode/MExecutionDisplayAdapter
instanceKlass com/mathworks/matlab/api/debug/ExecutionDisplayAdapter$RepaintListener
instanceKlass com/mathworks/mde/editor/breakpoints/BreakpointInstallationResult
instanceKlass com/mathworks/mde/editor/breakpoints/MatlabBreakpointUtils$1
instanceKlass com/mathworks/mde/editor/plugins/matlab/MatlabBreakpointMarginImpl$1
instanceKlass com/mathworks/widgets/text/mcode/AbstractMBreakpointMargin$4
instanceKlass com/mathworks/mde/editor/plugins/matlab/MatlabBreakpointMarginImpl$2
instanceKlass com/mathworks/mde/editor/breakpoints/MatlabBreakpointViewPopupBuilder
instanceKlass com/mathworks/matlab/api/debug/BreakpointStyle
instanceKlass com/mathworks/mde/editor/breakpoints/MatlabBreakpointUiInfoProvider
instanceKlass com/mathworks/widgets/editor/breakpoints/BreakpointView
instanceKlass com/mathworks/widgets/text/mcode/AbstractMBreakpointMargin$1
instanceKlass com/mathworks/widgets/text/mcode/AbstractMBreakpointMargin$5
instanceKlass com/mathworks/mde/editor/plugins/matlab/MatlabBreakpointMarginImpl$5
instanceKlass com/mathworks/widgets/text/mcode/AbstractMBreakpointMargin$2
instanceKlass com/mathworks/widgets/text/mcode/AbstractMBreakpointMargin$3
instanceKlass com/mathworks/mde/editor/plugins/matlab/MatlabBreakpointMarginImpl$4
instanceKlass com/mathworks/widgets/text/mcode/CmdManager$JUnitExpose
instanceKlass com/mathworks/widgets/text/mcode/CmdManager$CmdMgrTextViewListener
instanceKlass com/mathworks/widgets/text/mcode/CmdManager$CmdMgrTextEventHandler
instanceKlass com/mathworks/widgets/text/mcode/CmdManager
instanceKlass com/mathworks/matlab/api/debug/BreakpointModel
instanceKlass com/mathworks/matlab/api/debug/BreakpointMarginPopUpMenu
instanceKlass com/mathworks/mlwidgets/debug/DebugActions$ClearBkptListener
instanceKlass com/mathworks/matlab/api/debug/BreakpointUiInfoProvider
instanceKlass com/mathworks/matlab/api/debug/ContextMenuListener
instanceKlass com/mathworks/widgets/text/mcode/CmdManager$CmdLineListener
instanceKlass com/mathworks/widgets/text/mcode/AbstractMBreakpointMargin
instanceKlass com/mathworks/mde/editor/breakpoints/MatlabBreakpointMargin
instanceKlass com/mathworks/toolbox/eml/EmlStorageLocation
instanceKlass com/mathworks/toolbox/coder/nide/editor/StateflowStorageLocation
instanceKlass com/mathworks/jmi/MLFileUtils
instanceKlass com/mathworks/mlwidgets/configeditor/data/ConfigurationSelectionListener
instanceKlass com/mathworks/mde/editor/plugins/matlab/MatlabPluginUtils
instanceKlass com/mathworks/toolbox/eml/breakpoints/EmlMarginProvider
instanceKlass com/mathworks/mde/editor/plugins/matlab/MatlabMarginProvider
instanceKlass com/mathworks/mde/functionhints/FunctionHintUtils
instanceKlass com/mathworks/mde/editor/plugins/matlab/MatlabMenuContributor$2
instanceKlass com/mathworks/widgets/editor/SelfRemovingEditorEventListener
instanceKlass com/mathworks/mlwidgets/debug/RunOrContinueAction$2
instanceKlass com/mathworks/matlab/api/menus/MenuID
instanceKlass com/mathworks/mde/editor/plugins/matlab/MatlabMenuContributor
instanceKlass com/mathworks/hg/util/HGUtils$ComponentImageRunnable
instanceKlass com/mathworks/hg/util/HGUtils
instanceKlass com/mathworks/mde/editor/plugins/matlab/MatlabKeyBindingContributor
instanceKlass com/mathworks/widgets/SyntaxTextPaneBase$ViewHierarchyChangeListenerImpl
instanceKlass com/mathworks/widgets/text/fold/MWCodeFoldingSideBar$ViewHierarchyChangeNotifier
instanceKlass org/netbeans/editor/CodeFoldingSideBar$1
instanceKlass org/netbeans/editor/CodeFoldingSideBar$SideBarFoldHierarchyListener
instanceKlass org/netbeans/editor/CodeFoldingSideBar$Mark
instanceKlass com/mathworks/widgets/text/MWEditorUI$3
instanceKlass org/netbeans/editor/GlyphGutter$EditorUIListener
instanceKlass org/netbeans/editor/GlyphGutter$3
instanceKlass org/netbeans/editor/GlyphGutter$Observer
instanceKlass org/netbeans/editor/Annotations$2
instanceKlass org/netbeans/editor/Annotations$1
instanceKlass org/netbeans/editor/Annotations$MenuComparator
instanceKlass org/netbeans/editor/GlyphGutter$GlyphGutterFoldHierarchyListener
instanceKlass org/netbeans/editor/Annotations
instanceKlass com/mathworks/mwswing/TextComponentUtils
instanceKlass com/mathworks/widgets/text/DocumentUtils
instanceKlass com/mathworks/widgets/SyntaxTextPane$2$1
instanceKlass com/mathworks/jmi/MatlabWorker$2
instanceKlass com/mathworks/jmi/MatlabWorker$1
instanceKlass com/mathworks/widgets/text/mcode/variables/VariableHighlightingLayer$6$1
instanceKlass org/netbeans/lib/editor/view/ViewUtilitiesImpl$UpperOffsetMatchUpdater
instanceKlass org/netbeans/lib/editor/view/ViewUtilitiesImpl$LowerOffsetMatchUpdater
instanceKlass org/netbeans/lib/editor/util/swing/ElementUtilities
instanceKlass org/netbeans/editor/Syntax$BaseStateInfo
instanceKlass com/mathworks/widgets/text/matlab/MatlabTokenInfo
instanceKlass com/mathworks/util/IntBuffer
instanceKlass com/mathworks/widgets/text/matlab/LexicalBuffer
instanceKlass org/netbeans/editor/SyntaxUpdateTokens
instanceKlass org/netbeans/editor/FixLineSyntaxState
instanceKlass org/netbeans/editor/BaseDocument$NotifyModifyStatus
instanceKlass org/netbeans/editor/ext/ExtUtilities
instanceKlass com/mathworks/widgets/text/mcode/MTreeUtils
instanceKlass java/util/DualPivotQuicksort
instanceKlass com/mathworks/widgets/text/mcode/MDocumentUtils
instanceKlass com/mathworks/mwswing/TextComponentUtils$FullIdentifier
instanceKlass com/mathworks/widgets/text/mcode/variables/Variable
instanceKlass com/mathworks/widgets/text/mcode/variables/VariableHighlightData$4
instanceKlass com/mathworks/widgets/text/mcode/variables/VariableHighlightUtils
instanceKlass com/mathworks/widgets/text/mcode/variables/VariableStatusBarUtils$1
instanceKlass org/netbeans/editor/BaseCaret$3
instanceKlass com/mathworks/toolbox/simulink/slvnv/RmiRangeChangeObserver$6
instanceKlass com/mathworks/toolbox/simulink/slvnv/RmiRangeChangeObserver$5
instanceKlass com/mathworks/toolbox/simulink/slvnv/RmiRangeChangeObserver$3
instanceKlass com/mathworks/toolbox/simulink/slvnv/RmiRangeChangeObserver$1
instanceKlass com/mathworks/toolbox/simulink/slvnv/RmiRangeChangeObserver
instanceKlass com/mathworks/widgets/datamodel/FutureFileStorageLocation
instanceKlass com/mathworks/toolbox/simulink/slvnv/RmiEditorHighlighter$3
instanceKlass com/mathworks/toolbox/simulink/slvnv/RmiRegionInformer
instanceKlass com/mathworks/widgets/editor/highlights/AbstractEditorHighlighter
instanceKlass com/mathworks/toolbox/simulink/slvnv/RmiEditorHighlighterProvider
instanceKlass com/mathworks/toolbox/simulink/slvnv/RmiEditorMessageBarContributor
instanceKlass com/mathworks/toolbox/simulink/slvnv/RmiEditorLayer$1
instanceKlass com/mathworks/toolbox/simulink/slvnv/RmiMenuContributor
instanceKlass com/mathworks/toolbox/simulink/slvnv/RmiDataLink$RmiSettingsListener
instanceKlass com/mathworks/matlab/api/editor/highlighting/EditorHighlighterProvider
instanceKlass com/mathworks/toolbox/simulink/slvnv/RmiEditorLayer
instanceKlass org/netbeans/editor/ext/FormatSupport
instanceKlass org/netbeans/editor/ext/AbstractFormatLayer
instanceKlass org/netbeans/editor/StatusBar$1
instanceKlass org/netbeans/editor/StatusBar$CaretListener
instanceKlass com/mathworks/widgets/text/mcode/MFoldManager$DocUpdateHandler
instanceKlass com/mathworks/util/tree/TreeUtils$3
instanceKlass com/mathworks/util/tree/DefaultMutableTree
instanceKlass com/mathworks/util/Cache$Entry
instanceKlass java/util/JumboEnumSet$EnumSetIterator
instanceKlass com/mathworks/widgets/text/mcode/MFoldManager$FoldsInfo
instanceKlass com/mathworks/widgets/text/mcode/MTree$1
instanceKlass com/mathworks/util/Cache
instanceKlass com/mathworks/widgets/text/mcode/MTree$Node
instanceKlass com/mathworks/util/Cache$Loader
instanceKlass com/mathworks/widgets/text/mcode/BaseDocumentMTreeProvider$1
instanceKlass com/mathworks/widgets/text/mcode/BaseDocumentMTreeProvider
instanceKlass com/mathworks/widgets/text/mcode/MTreeBaseDocumentCache
instanceKlass com/mathworks/widgets/text/fold/FoldStateManagerImpl$HierarchyUpdateListener
instanceKlass com/mathworks/widgets/text/fold/FoldStateManagerImpl
instanceKlass com/mathworks/widgets/text/fold/FoldStateManager
instanceKlass com/mathworks/widgets/StateManager
instanceKlass com/mathworks/widgets/STPStateManagerFactory
instanceKlass com/mathworks/widgets/text/mcode/MFoldManager$FoldSettingsListener
instanceKlass com/mathworks/widgets/text/mcode/MFoldManager
instanceKlass com/mathworks/widgets/text/matlab/MatlabState
instanceKlass com/mathworks/widgets/text/matlab/LexicalAccumulator
instanceKlass com/mathworks/widgets/text/mcode/analyzer/CodeAnalyzerThread$2
instanceKlass com/mathworks/widgets/text/matlab/MatlabLexer
instanceKlass com/mathworks/widgets/text/mcode/MSyntaxFactory
instanceKlass com/mathworks/widgets/text/matlab/AbstractTokenManager
instanceKlass com/mathworks/widgets/text/matlab/MatlabTokenManager
instanceKlass com/mathworks/widgets/text/STPMessagePanel$9
instanceKlass com/mathworks/widgets/text/mcode/variables/VariableHighlightData$2
instanceKlass com/mathworks/widgets/text/mcode/variables/VariableHighlightData$1
instanceKlass com/mathworks/widgets/text/mcode/variables/VariableHighlightData
instanceKlass com/mathworks/widgets/text/mcode/variables/VariableHighlightDataFactory
instanceKlass com/mathworks/widgets/text/mcode/variables/VariableHighlightingLayer$9
instanceKlass com/mathworks/widgets/text/mcode/MTreeUpdater$NeedToUpdateListener$1
instanceKlass com/mathworks/widgets/text/mcode/MTreeUpdater$NeedToUpdateListener
instanceKlass com/mathworks/widgets/text/mcode/MTreeUpdater
instanceKlass com/mathworks/widgets/text/mcode/variables/NonlocalVariableHighlightingLayer$2
instanceKlass com/mathworks/widgets/text/mcode/variables/VariableHighlightPrefs
instanceKlass com/mathworks/widgets/text/STPMessagePanel$2
instanceKlass com/mathworks/widgets/text/STPMessagePanel$1
instanceKlass com/mathworks/widgets/text/STPMessagePanel$8
instanceKlass com/mathworks/widgets/messagepanel/MessagePanel$1
instanceKlass com/mathworks/widgets/text/STPMessagePanel$7
instanceKlass com/mathworks/widgets/text/STPMessagePanel$LayerMessagePainter
instanceKlass com/mathworks/widgets/text/STPMessagePanel$LayerMessageModel$1
instanceKlass com/mathworks/widgets/text/STPMessagePanel$LayerMessageModel
instanceKlass com/mathworks/widgets/messagepanel/MessagePanel$TextAlignmentProvider
instanceKlass com/mathworks/widgets/text/STPMessagePanel
instanceKlass com/mathworks/widgets/text/mcode/analyzer/CodeAnalyzerLayer$5
instanceKlass com/mathworks/widgets/text/mcode/analyzer/CodeAnalyzerLayer$4
instanceKlass com/mathworks/widgets/text/mcode/analyzer/CodeAnalyzerLayer$3
instanceKlass com/mathworks/widgets/text/mcode/MLintPrefsUtils
instanceKlass com/mathworks/widgets/text/mcode/analyzer/CodeAnalyzerLayer$8
instanceKlass com/mathworks/widgets/text/mcode/analyzer/CodeAnalyzerThread$MLintRunnable
instanceKlass com/mathworks/widgets/text/mcode/analyzer/CodeAnalyzerThread$1
instanceKlass com/mathworks/widgets/text/mcode/analyzer/CodeAnalyzerThread
instanceKlass com/mathworks/widgets/menus/DefaultMenuGroupID
instanceKlass com/mathworks/widgets/text/mcode/analyzer/CodeAnalyzerMessageBarContributor
instanceKlass com/mathworks/widgets/text/LayerMarkList
instanceKlass com/mathworks/widgets/text/mcode/analyzer/CodeAnalyzerLayer$7
instanceKlass com/mathworks/widgets/text/mcode/MLint$MessageDefinition
instanceKlass com/mathworks/widgets/text/mcode/MLint$CodeAnalyzerContentType
instanceKlass com/mathworks/widgets/text/mcode/MLint
instanceKlass com/mathworks/widgets/text/mcode/variables/VariableHighlightActions
instanceKlass com/mathworks/widgets/text/mcode/analyzer/CodeAnalyzerActions
instanceKlass com/mathworks/mde/editor/EditorTabCompletion
instanceKlass com/mathworks/widgets/text/mcode/analyzer/CodeAnalyzerLayer$2
instanceKlass com/mathworks/widgets/text/mcode/analyzer/CodeAnalyzerLayer$1
instanceKlass com/mathworks/widgets/text/mcode/MTokenColorMap
instanceKlass com/mathworks/widgets/text/mcode/MColorScheme
instanceKlass com/mathworks/widgets/text/matlab/ColorScheme
instanceKlass com/mathworks/widgets/text/mcode/analyzer/CodeAnalyzerUtils
instanceKlass com/mathworks/widgets/text/ColoringFactory
instanceKlass java/awt/LightweightDispatcher$2
instanceKlass com/jidesoft/popup/JidePopup$14
instanceKlass com/mathworks/widgets/tooltip/BalloonToolTip$2
instanceKlass sun/util/locale/InternalLocaleBuilder$CaseInsensitiveChar
instanceKlass sun/util/locale/InternalLocaleBuilder
instanceKlass sun/util/locale/StringTokenIterator
instanceKlass sun/util/locale/ParseStatus
instanceKlass sun/awt/im/InputMethodAdapter
instanceKlass java/awt/im/spi/InputMethod
instanceKlass java/awt/im/spi/InputMethodContext
instanceKlass java/awt/im/InputContext
instanceKlass java/awt/Window$1DisposeAction
instanceKlass com/jidesoft/document/DefaultStringConverter
instanceKlass com/jidesoft/document/FloatingDocumentContainer
instanceKlass com/jidesoft/document/IDocumentGroup
instanceKlass com/jidesoft/swing/StringConverter
instanceKlass com/jidesoft/swing/AbstractLayoutPersistence
instanceKlass com/jidesoft/swing/LayoutPersistence
instanceKlass com/jidesoft/swing/IContour
instanceKlass com/jidesoft/document/IDocumentPane
instanceKlass sun/awt/GlobalCursorManager$NativeUpdater
instanceKlass sun/awt/GlobalCursorManager
instanceKlass com/jidesoft/popup/JidePopup$9
instanceKlass com/jidesoft/popup/JidePopup$6
instanceKlass com/jidesoft/popup/JidePopup$4
instanceKlass com/jidesoft/plaf/vsnet/ResizeFrameBorder
instanceKlass com/jidesoft/swing/Resizable
instanceKlass java/awt/peer/DialogPeer
instanceKlass java/awt/BufferCapabilities
instanceKlass java/awt/AttributeValue
instanceKlass sun/awt/NullComponentPeer
instanceKlass java/awt/peer/LightweightPeer
instanceKlass sun/awt/im/ExecutableInputMethodManager$3
instanceKlass sun/awt/im/InputMethodLocator
instanceKlass sun/awt/windows/WInputMethodDescriptor
instanceKlass java/awt/im/spi/InputMethodDescriptor
instanceKlass sun/awt/im/InputMethodManager
instanceKlass sun/awt/FontConfiguration$2
instanceKlass sun/awt/NativeLibLoader$1
instanceKlass sun/awt/NativeLibLoader
instanceKlass sun/awt/PlatformFont
instanceKlass java/awt/peer/FontPeer
instanceKlass javax/swing/RepaintManager$2
instanceKlass sun/awt/windows/WComponentPeer$2
instanceKlass sun/awt/windows/WColor
instanceKlass sun/java2d/StateTracker$2
instanceKlass sun/java2d/StateTracker$1
instanceKlass sun/java2d/StateTracker
instanceKlass sun/java2d/SurfaceDataProxy
instanceKlass sun/awt/image/SurfaceManager$FlushableCacheData
instanceKlass sun/java2d/windows/GDIRenderer
instanceKlass sun/java2d/ScreenUpdateManager
instanceKlass sun/a