JvmtiExport can_access_local_variables 0
JvmtiExport can_hotswap_or_post_breakpoint 0
JvmtiExport can_post_on_exceptions 0
# 279 ciObject found
instanceKlass com/mathworks/mde/editor/EditorFontPrefs
instanceKlass com/mathworks/mde/cmdhist/CmdHistoryPrefs
instanceKlass com/mathworks/services/FontPrefs$FontItem
instanceKlass java/util/concurrent/ConcurrentHashMap$Traverser
instanceKlass sun/font/SunFontManager$TTorT1Filter
instanceKlass com/mathworks/mde/editor/MatlabEditorApplication$12$1
instanceKlass sun/font/SunFontManager$4
instanceKlass sun/font/SunFontManager$13
instanceKlass com/mathworks/services/PrefsAWT
instanceKlass com/mathworks/services/FontPrefs
instanceKlass com/mathworks/mlwidgets/explorer/util/PrefUtils$ComponentListener
instanceKlass com/mathworks/mlwidgets/explorer/util/PrefUtils$1
instanceKlass com/mathworks/util/tree/Tree
instanceKlass com/mathworks/services/FontListener
instanceKlass com/mathworks/mlwidgets/explorer/util/PrefUtils
instanceKlass com/mathworks/mde/explorer/Explorer$4
instanceKlass com/mathworks/mde/explorer/Explorer$3
instanceKlass com/mathworks/mlwidgets/explorer/DetailViewer$5
instanceKlass com/mathworks/mlwidgets/explorer/DetailViewer$4
instanceKlass com/mathworks/mlwidgets/explorer/DetailViewer$Header$1
instanceKlass java/awt/GridBagConstraints
instanceKlass java/awt/GridBagLayout
instanceKlass com/mathworks/sourcecontrol/ThreadUtils$1
instanceKlass com/mathworks/sourcecontrol/ThreadUtils
instanceKlass com/mathworks/sourcecontrol/SourceControlUI$3
instanceKlass com/mathworks/mlwidgets/explorer/ExplorerSplitPane$2
instanceKlass javax/swing/plaf/basic/BasicSplitPaneUI$Handler
instanceKlass javax/swing/plaf/basic/BasicSplitPaneUI$BasicHorizontalLayoutManager
instanceKlass javax/swing/plaf/basic/BasicBorders$SplitPaneDividerBorder
instanceKlass javax/swing/plaf/basic/BasicSplitPaneDivider$DividerLayout
instanceKlass javax/swing/plaf/basic/BasicBorders$SplitPaneBorder
instanceKlass com/mathworks/sourcecontrol/SCAdapterConnectionManager$2
instanceKlass java/util/UUID$Holder
instanceKlass java/util/UUID
instanceKlass com/mathworks/sourcecontrol/ActionStatusDisplay$1
instanceKlass com/mathworks/sourcecontrol/ActionStatusDisplay$2
instanceKlass com/mathworks/sourcecontrol/SCInfoBar$2
instanceKlass com/mathworks/widgets/tooltip/TooltipUtils
instanceKlass com/mathworks/mwswing/ComponentUtils
instanceKlass com/mathworks/widgets/HyperlinkTextLabel$2
instanceKlass javax/swing/text/html/AccessibleHTML$DocumentHandler
instanceKlass javax/swing/text/html/AccessibleHTML$ElementInfo
instanceKlass javax/swing/text/html/AccessibleHTML$PropertyChangeHandler
instanceKlass javax/swing/text/html/AccessibleHTML
instanceKlass javax/swing/text/DefaultStyledDocument$ChangeUpdateRunnable
instanceKlass java/util/Formatter$Conversion
instanceKlass java/util/Formatter$Flags
instanceKlass java/util/Formatter$FormatSpecifier
instanceKlass java/util/Formatter$FixedString
instanceKlass java/util/Formatter$FormatString
instanceKlass java/util/Formatter
instanceKlass com/mathworks/util/HTMLUtils
instanceKlass javax/swing/text/GapContent$UndoPosRef
instanceKlass javax/swing/text/DefaultStyledDocument$ElementBuffer$ElemChanges
instanceKlass javax/swing/text/DefaultStyledDocument$ElementSpec
instanceKlass javax/swing/text/html/parser/ContentModelState
instanceKlass javax/swing/text/html/parser/TagStack
instanceKlass javax/swing/text/html/parser/TagElement
instanceKlass javax/swing/text/html/parser/Parser
instanceKlass javax/swing/text/html/HTMLDocument$HTMLReader$TagAction
instanceKlass javax/swing/text/html/HTMLEditorKit$ParserCallback
instanceKlass com/mathworks/mwswing/JEditorPaneHyperlinkHandler$6
instanceKlass com/mathworks/mwswing/JEditorPaneHyperlinkHandler$1
instanceKlass com/mathworks/mwswing/JEditorPaneHyperlinkHandler
instanceKlass com/mathworks/widgets/HyperlinkTextLabel$5
instanceKlass com/mathworks/widgets/HyperlinkTextLabel$3
instanceKlass javax/swing/text/TabableView
instanceKlass javax/swing/text/html/StyleSheet$1
instanceKlass javax/swing/text/html/CSSBorder$StrokePainter
instanceKlass javax/swing/text/ht